[20:03:30] [main/INFO] *** Hello Minecraft! Launcher 2.7.9.55 ***
[20:03:30] [main/INFO] Initialized settings.
[20:03:42] [Task List/INFO] Executing task: Download Minecraft
[20:03:42] [pool-2-thread-1/INFO] Executing task: Download Minecraft Json
[20:03:43] [pool-2-thread-1/INFO] Task finished: Download Minecraft Json
[20:03:43] [pool-2-thread-2/INFO] Executing task: 下载: 1.12.2.json
[20:03:43] [pool-2-thread-2/INFO] Downloading: http://bmclapi2.bangbang93.com/mc/game/cf72a57ff499d6d9ade870b2143ee54958bd33ef/1.12.2.json to: .minecraft\versions\1.12.2\1.12.2.json
[20:03:43] [pool-2-thread-2/INFO] Task finished: 下载: 1.12.2.json
[20:03:43] [Task List/INFO] Task finished: Download Minecraft
[20:03:43] [pool-2-thread-3/INFO] Executing task: 下载: 1.12.2.jar
[20:03:43] [pool-2-thread-3/INFO] Downloading: http://bmclapi2.bangbang93.com/mc/game/1.12.2/client/0f275bc1547d01fa5f56ba34bdc87d981ee12daf/client.jar to: .minecraft\versions\1.12.2\1.12.2.jar
[20:03:44] [pool-2-thread-3/INFO] Task finished: 下载: 1.12.2.jar
[20:03:44] [Task List/INFO] Tasks are successfully finished.
[20:06:22] [Task List/INFO] Executing task: Double Task
[20:06:22] [pool-3-thread-1/INFO] Executing task: Double Task
[20:06:22] [pool-3-thread-2/INFO] Executing task: 下载: forge
[20:06:22] [pool-3-thread-2/INFO] Downloading: http://bmclapi2.bangbang93.com/maven/net/minecraftforge/forge/1.12.2-14.23.3.2655/forge-1.12.2-14.23.3.2655-installer.jar to: F:\Minecraft\Karl\KaroEazyLauncher\forge-installer.jar
[20:06:27] [pool-3-thread-2/INFO] Task finished: 下载: forge
[20:06:27] [pool-3-thread-1/INFO] Task finished: Double Task
[20:06:27] [pool-3-thread-3/INFO] Executing task: 安装Forge
[20:06:27] [pool-3-thread-3/INFO] Extracting install profiles...
[20:06:27] [pool-3-thread-3/INFO] Copying jar...1.12.2.jar to 1.12.2-forge1.12.2-14.23.3.2655.jar
[20:06:27] [pool-3-thread-3/INFO] Creating new version profile...1.12.2-forge1.12.2-14.23.3.2655.json
[20:06:27] [pool-3-thread-3/INFO] Extracting universal forge pack...forge-1.12.2-14.23.3.2655-universal.jar
[20:06:27] [pool-3-thread-3/INFO] Task finished: 安装Forge
[20:06:27] [Task List/INFO] Task finished: Double Task
[20:06:27] [pool-3-thread-4/INFO] Executing task: Delete: F:\Minecraft\Karl\KaroEazyLauncher\forge-installer.jar
[20:06:27] [pool-3-thread-4/INFO] Task finished: Delete: F:\Minecraft\Karl\KaroEazyLauncher\forge-installer.jar
[20:06:27] [Task List/INFO] Executing task: TaskRunnable
[20:06:27] [Task List/INFO] Task finished: TaskRunnable
[20:06:27] [Task List/INFO] Tasks are successfully finished.
[20:06:33] [AWT-EventQueue-0/INFO] Start generating launching command...
[20:06:33] [Game Launcher/INFO] Building process
[20:06:33] [Game Launcher/INFO] Logging in...
[20:06:33] [Game Launcher/INFO] Detecting libraries...
[20:06:33] [Game Launcher/INFO] Unpacking natives...
[20:06:33] [Game Launcher/INFO] *** Make shell command ***
[20:06:33] [Game Launcher/INFO] On making head command.
[20:06:34] [Game Launcher/INFO] Java Version: 1.8.0_91
[20:06:34] [Game Launcher/INFO] Java Platform: 64
[20:06:34] [Game Launcher/INFO] System Platform: 64
[20:06:34] [Game Launcher/INFO] System Physical Memory: 8080
[20:06:36] [Game Launcher/INFO] On making launcher args.
[20:06:36] [Game Launcher/INFO] Starting process
[20:06:36] [Game Launcher/INFO] D:\Jre8\bin\javaw.exe -Dminecraft.client.jar=F:\Minecraft\Karl\KaroEazyLauncher\.minecraft\versions\1.12.2\1.12.2.jar -XX:+UseG1GC -XX:-UseAdaptiveSizePolicy -XX:-OmitStackTraceInFastThrow -Xmn128m -Xmx2048m -Dfml.ignoreInvalidMinecraftCertificates=true -Dfml.ignorePatchDiscrepancies=true -XX:HeapDumpPath=MojangTricksIntelDriversForPerformance_javaw.exe_minecraft.exe.heapdump -Djava.library.path=F:\Minecraft\Karl\KaroEazyLauncher\.minecraft\versions\1.12.2-forge1.12.2-14.23.3.2655\1.12.2-forge1.12.2-14.23.3.2655-natives "-Dminecraft.launcher.brand=Hello Minecraft! Launcher" -Dminecraft.launcher.version=2.7.9.55 -cp F:\Minecraft\Karl\KaroEazyLauncher\.minecraft\libraries\net\minecraftforge\forge\1.12.2-14.23.3.2655\forge-1.12.2-14.23.3.2655.jar;C:\Users\JayshonYves\AppData\Roaming\.minecraft\libraries\net\minecraft\launchwrapper\1.12\launchwrapper-1.12.jar;F:\Minecraft\Karl\KaroEazyLauncher\.minecraft\libraries\org\ow2\asm\asm-all\5.2\asm-all-5.2.jar;C:\Users\JayshonYves\AppData\Roaming\.minecraft\libraries\jline\jline\2.13\jline-2.13.jar;F:\Minecraft\Karl\KaroEazyLauncher\.minecraft\libraries\com\typesafe\akka\akka-actor_2.11\2.3.3\akka-actor_2.11-2.3.3.jar;F:\Minecraft\Karl\KaroEazyLauncher\.minecraft\libraries\com\typesafe\config\1.2.1\config-1.2.1.jar;F:\Minecraft\Karl\KaroEazyLauncher\.minecraft\libraries\org\scala-lang\scala-actors-migration_2.11\1.1.0\scala-actors-migration_2.11-1.1.0.jar;F:\Minecraft\Karl\KaroEazyLauncher\.minecraft\libraries\org\scala-lang\scala-compiler\2.11.1\scala-compiler-2.11.1.jar;F:\Minecraft\Karl\KaroEazyLauncher\.minecraft\libraries\org\scala-lang\plugins\scala-continuations-library_2.11\1.0.2\scala-continuations-library_2.11-1.0.2.jar;F:\Minecraft\Karl\KaroEazyLauncher\.minecraft\libraries\org\scala-lang\plugins\scala-continuations-plugin_2.11.1\1.0.2\scala-continuations-plugin_2.11.1-1.0.2.jar;F:\Minecraft\Karl\KaroEazyLauncher\.minecraft\libraries\org\scala-lang\scala-library\2.11.1\scala-library-2.11.1.jar;F:\Minecraft\Karl\KaroEazyLauncher\.minecraft\libraries\org\scala-lang\scala-parser-combinators_2.11\1.0.1\scala-parser-combinators_2.11-1.0.1.jar;F:\Minecraft\Karl\KaroEazyLauncher\.minecraft\libraries\org\scala-lang\scala-reflect\2.11.1\scala-reflect-2.11.1.jar;F:\Minecraft\Karl\KaroEazyLauncher\.minecraft\libraries\org\scala-lang\scala-swing_2.11\1.0.1\scala-swing_2.11-1.0.1.jar;F:\Minecraft\Karl\KaroEazyLauncher\.minecraft\libraries\org\scala-lang\scala-xml_2.11\1.0.2\scala-xml_2.11-1.0.2.jar;C:\Users\JayshonYves\AppData\Roaming\.minecraft\libraries\lzma\lzma\0.0.1\lzma-0.0.1.jar;C:\Users\JayshonYves\AppData\Roaming\.minecraft\libraries\net\sf\jopt-simple\jopt-simple\5.0.3\jopt-simple-5.0.3.jar;C:\Users\JayshonYves\AppData\Roaming\.minecraft\libraries\java3d\vecmath\1.5.2\vecmath-1.5.2.jar;C:\Users\JayshonYves\AppData\Roaming\.minecraft\libraries\net\sf\trove4j\trove4j\3.0.3\trove4j-3.0.3.jar;C:\Users\JayshonYves\AppData\Roaming\.minecraft\libraries\com\mojang\patchy\1.1\patchy-1.1.jar;C:\Users\JayshonYves\AppData\Roaming\.minecraft\libraries\oshi-project\oshi-core\1.1\oshi-core-1.1.jar;C:\Users\JayshonYves\AppData\Roaming\.minecraft\libraries\net\java\dev\jna\jna\4.4.0\jna-4.4.0.jar;C:\Users\JayshonYves\AppData\Roaming\.minecraft\libraries\net\java\dev\jna\platform\3.4.0\platform-3.4.0.jar;C:\Users\JayshonYves\AppData\Roaming\.minecraft\libraries\com\ibm\icu\icu4j-core-mojang\51.2\icu4j-core-mojang-51.2.jar;C:\Users\JayshonYves\AppData\Roaming\.minecraft\libraries\net\sf\jopt-simple\jopt-simple\5.0.3\jopt-simple-5.0.3.jar;C:\Users\JayshonYves\AppData\Roaming\.minecraft\libraries\com\paulscode\codecjorbis\20101023\codecjorbis-20101023.jar;C:\Users\JayshonYves\AppData\Roaming\.minecraft\libraries\com\paulscode\codecwav\20101023\codecwav-20101023.jar;C:\Users\JayshonYves\AppData\Roaming\.minecraft\libraries\com\paulscode\libraryjavasound\20101123\libraryjavasound-20101123.jar;C:\Users\JayshonYves\AppData\Roaming\.minecraft\libraries\com\paulscode\librarylwjglopenal\20100824\librarylwjglopenal-20100824.jar;C:\Users\JayshonYves\AppData\Roaming\.minecraft\libraries\com\paulscode\soundsystem\20120107\soundsystem-20120107.jar;C:\Users\JayshonYves\AppData\Roaming\.minecraft\libraries\io\netty\netty-all\4.1.9.Final\netty-all-4.1.9.Final.jar;C:\Users\JayshonYves\AppData\Roaming\.minecraft\libraries\com\google\guava\guava\21.0\guava-21.0.jar;C:\Users\JayshonYves\AppData\Roaming\.minecraft\libraries\org\apache\commons\commons-lang3\3.5\commons-lang3-3.5.jar;C:\Users\JayshonYves\AppData\Roaming\.minecraft\libraries\commons-io\commons-io\2.5\commons-io-2.5.jar;C:\Users\JayshonYves\AppData\Roaming\.minecraft\libraries\commons-codec\commons-codec\1.10\commons-codec-1.10.jar;C:\Users\JayshonYves\AppData\Roaming\.minecraft\libraries\net\java\jinput\jinput\2.0.5\jinput-2.0.5.jar;C:\Users\JayshonYves\AppData\Roaming\.minecraft\libraries\net\java\jutils\jutils\1.0.0\jutils-1.0.0.jar;C:\Users\JayshonYves\AppData\Roaming\.minecraft\libraries\com\google\code\gson\gson\2.8.0\gson-2.8.0.jar;C:\Users\JayshonYves\AppData\Roaming\.minecraft\libraries\com\mojang\authlib\1.5.25\authlib-1.5.25.jar;C:\Users\JayshonYves\AppData\Roaming\.minecraft\libraries\com\mojang\realms\1.10.19\realms-1.10.19.jar;C:\Users\JayshonYves\AppData\Roaming\.minecraft\libraries\org\apache\commons\commons-compress\1.8.1\commons-compress-1.8.1.jar;C:\Users\JayshonYves\AppData\Roaming\.minecraft\libraries\org\apache\httpcomponents\httpclient\4.3.3\httpclient-4.3.3.jar;C:\Users\JayshonYves\AppData\Roaming\.minecraft\libraries\commons-logging\commons-logging\1.1.3\commons-logging-1.1.3.jar;C:\Users\JayshonYves\AppData\Roaming\.minecraft\libraries\org\apache\httpcomponents\httpcore\4.3.2\httpcore-4.3.2.jar;C:\Users\JayshonYves\AppData\Roaming\.minecraft\libraries\it\unimi\dsi\fastutil\7.1.0\fastutil-7.1.0.jar;C:\Users\JayshonYves\AppData\Roaming\.minecraft\libraries\org\apache\logging\log4j\log4j-api\2.8.1\log4j-api-2.8.1.jar;C:\Users\JayshonYves\AppData\Roaming\.minecraft\libraries\org\apache\logging\log4j\log4j-core\2.8.1\log4j-core-2.8.1.jar;C:\Users\JayshonYves\AppData\Roaming\.minecraft\libraries\org\lwjgl\lwjgl\lwjgl\2.9.4-nightly-20150209\lwjgl-2.9.4-nightly-20150209.jar;C:\Users\JayshonYves\AppData\Roaming\.minecraft\libraries\org\lwjgl\lwjgl\lwjgl_util\2.9.4-nightly-20150209\lwjgl_util-2.9.4-nightly-20150209.jar;C:\Users\JayshonYves\AppData\Roaming\.minecraft\libraries\com\mojang\text2speech\1.10.3\text2speech-1.10.3.jar;F:\Minecraft\Karl\KaroEazyLauncher\.minecraft\versions\1.12.2\1.12.2.jar net.minecraft.launchwrapper.Launch --width 854 --height 480 --username Jayshonyves --version "HMCL 2.7.9.55" --gameDir F:\Minecraft\Karl\KaroEazyLauncher\.minecraft --assetsDir C:\Users\JayshonYves\AppData\Roaming\.minecraft\assets --assetIndex 1.12 --uuid <access token> --accessToken <access token> --userType Legacy --tweakClass net.minecraftforge.fml.common.launcher.FMLTweaker --versionType Forge
[20:06:36] [Game Launcher/INFO] Have started the process
